<?xml version="1.0" encoding="UTF-8"?>
<!-- Generated by org.testng.reporters.JUnitReportReporter -->
<testsuite hostname="TTNDALAPLIN012" failures="0" tests="1" name="useCases.CampaignValUC" time="64.571" errors="0" timestamp="2022-12-27T18:15:23 IST" skipped="0">
  <testcase classname="useCases.CampaignValUC" name="addCampaign" time="64.571"/>
  <system-out/>
</testsuite> <!-- useCases.CampaignValUC -->
