<?xml version="1.0" encoding="UTF-8"?>
<!-- Generated by org.testng.reporters.JUnitReportReporter -->
<testsuite hostname="TTNDALAPLIN009" failures="0" tests="1" name="useCases.TemplateSearchUC" time="5.947" errors="0" timestamp="2022-06-26T16:51:03 IST" skipped="0">
  <testcase classname="useCases.TemplateSearchUC" name="verifySearchTemplate" time="5.947"/>
  <system-out/>
</testsuite> <!-- useCases.TemplateSearchUC -->
