<?xml version="1.0" encoding="UTF-8"?>
<!-- Generated by org.testng.reporters.JUnitReportReporter -->
<testsuite hostname="TTNDALAPLIN009" failures="0" tests="2" name="useCases.CommunicationValUC" time="12.209" errors="0" timestamp="2022-09-06T14:56:55 IST" skipped="0">
  <testcase classname="useCases.CommunicationValUC" name="testcase_1" time="6.684"/>
  <system-out/>
  <testcase classname="useCases.CommunicationValUC" name="testcase_2" time="5.525"/>
  <system-out/>
</testsuite> <!-- useCases.CommunicationValUC -->
