<?xml version="1.0" encoding="UTF-8"?>
<!-- Generated by org.testng.reporters.JUnitReportReporter -->
<testsuite hostname="TTNDALAPLIN009" failures="0" tests="1" name="useCases.BrandCategory" time="23.573" errors="0" timestamp="2022-07-23T15:40:00 IST" skipped="0">
  <testcase classname="useCases.BrandCategory" name="verifyBrandCategory" time="23.573"/>
  <system-out/>
</testsuite> <!-- useCases.BrandCategory -->
