<?xml version="1.0" encoding="UTF-8"?>
<!-- Generated by org.testng.reporters.JUnitReportReporter -->
<testsuite hostname="TTNDALAPLIN012" failures="0" tests="1" name="useCases.VerifyCampaignSearch" time="5.026" errors="0" timestamp="2022-12-27T01:21:02 IST" skipped="0">
  <testcase classname="useCases.VerifyCampaignSearch" name="verifyCampaign" time="5.026"/>
  <system-out/>
</testsuite> <!-- useCases.VerifyCampaignSearch -->
