<?xml version="1.0" encoding="UTF-8"?>
<!-- Generated by org.testng.reporters.JUnitReportReporter -->
<testsuite hostname="TTNDALAPLIN009" failures="0" tests="2" name="useCases.TemplateAddUC" time="79.739" errors="0" timestamp="2022-12-14T15:27:22 IST" skipped="1">
  <testcase classname="useCases.TemplateAddUC" name="verifyErrorMsg" time="79.739"/>
  <system-out/>
  <testcase classname="useCases.TemplateAddUC" name="verifyAddTemplate">
    <skipped/>
  </testcase> <!-- verifyAddTemplate -->
  <system-out/>
</testsuite> <!-- useCases.TemplateAddUC -->
