<?xml version="1.0" encoding="UTF-8"?>
<!-- Generated by org.testng.reporters.JUnitReportReporter -->
<testsuite hostname="TTNDALAPLIN009" failures="0" tests="6" name="utility.Utilities" time="0.011" errors="0" timestamp="2022-07-14T00:14:07 IST" skipped="1">
  <testcase classname="utility.Utilities" name="search" time="0.001"/>
  <system-out/>
  <testcase classname="utility.Utilities" name="search" time="0.001"/>
  <system-out/>
  <testcase classname="utility.Utilities" name="search" time="0.006"/>
  <system-out/>
  <testcase classname="utility.Utilities" name="search" time="0.001"/>
  <system-out/>
  <testcase classname="utility.Utilities" name="search" time="0.002"/>
  <system-out/>
  <testcase classname="utility.Utilities" name="getValue">
    <skipped/>
  </testcase> <!-- getValue -->
  <system-out/>
</testsuite> <!-- utility.Utilities -->
