<?xml version="1.0" encoding="UTF-8"?>
<!-- Generated by org.testng.reporters.JUnitReportReporter -->
<testsuite hostname="TTNDALAPLIN009" failures="0" tests="2" name="rough.LoginPage" time="0.233" errors="0" timestamp="2022-06-16T01:31:23 IST" skipped="1">
  <testcase classname="rough.LoginPage" name="verifyErrorVerification" time="0.233"/>
  <system-out/>
  <testcase classname="rough.LoginPage" name="verifyLoginVerification">
    <skipped/>
  </testcase> <!-- verifyLoginVerification -->
  <system-out/>
</testsuite> <!-- rough.LoginPage -->
