<?xml version="1.0" encoding="UTF-8"?>
<!-- Generated by org.testng.reporters.JUnitReportReporter -->
<testsuite hostname="TTNDALAPLIN009" failures="0" tests="1" name="rough.GroupDemo" time="6.840" errors="0" timestamp="2022-07-15T01:53:40 IST" skipped="0">
  <testcase classname="rough.GroupDemo" name="showName" time="6.840"/>
  <system-out/>
</testsuite> <!-- rough.GroupDemo -->
