<?xml version="1.0" encoding="UTF-8"?>
<!-- Generated by org.testng.reporters.JUnitReportReporter -->
<testsuite hostname="TTNDALAPLIN009" failures="0" tests="1" name="rough.LoginPageTC" time="5.550" errors="0" timestamp="2022-06-15T23:52:58 IST" skipped="0">
  <testcase classname="rough.LoginPageTC" name="verifyLogin" time="5.550"/>
  <system-out/>
</testsuite> <!-- rough.LoginPageTC -->
