<?xml version="1.0" encoding="UTF-8"?>
<!-- Generated by org.testng.reporters.JUnitReportReporter -->
<testsuite hostname="TTNDALAPLIN012" failures="0" tests="1" name="useCases.CampaignValUC" time="69.008" errors="0" timestamp="2022-12-30T20:45:38 IST" skipped="0">
  <testcase classname="useCases.CampaignValUC" name="addCampaign" time="69.008"/>
  <system-out/>
</testsuite> <!-- useCases.CampaignValUC -->
