<?xml version="1.0" encoding="UTF-8"?>
<!-- Generated by org.testng.reporters.JUnitReportReporter -->
<testsuite hostname="TTNDALAPLIN012" failures="0" tests="6" name="useCases.LoginValidation" time="40.162" errors="0" timestamp="2023-01-07T13:41:44 IST" skipped="4">
  <testcase classname="useCases.LoginValidation" name="loginVal" time="13.056">
    <skipped/>
  </testcase> <!-- loginVal -->
  <system-out/>
  <testcase classname="useCases.LoginValidation" name="loginVal" time="15.099"/>
  <system-out/>
  <testcase classname="useCases.LoginValidation" name="loginVal" time="0.208"/>
  <system-out/>
  <testcase classname="useCases.LoginValidation" name="loginVal" time="11.799">
    <skipped/>
  </testcase> <!-- loginVal -->
  <system-out/>
  <testcase classname="useCases.LoginValidation" name="doLogin">
    <skipped/>
  </testcase> <!-- doLogin -->
  <system-out/>
  <testcase classname="useCases.LoginValidation" name="doLogin1">
    <skipped/>
  </testcase> <!-- doLogin1 -->
  <system-out/>
</testsuite> <!-- useCases.LoginValidation -->
