<?xml version="1.0" encoding="UTF-8"?>
<!-- Generated by org.testng.reporters.JUnitReportReporter -->
<testsuite hostname="TTNDALAPLIN012" failures="0" tests="1" name="database.SeleniumDBTesting" time="0.006" errors="0" timestamp="2022-12-27T11:45:39 IST" skipped="0">
  <testcase classname="database.SeleniumDBTesting" name="test" time="0.006"/>
  <system-out/>
</testsuite> <!-- database.SeleniumDBTesting -->
