<?xml version="1.0" encoding="UTF-8"?>
<!-- Generated by org.testng.reporters.JUnitReportReporter -->
<testsuite hostname="TTNDALAPLIN012" failures="0" tests="1" name="database.DB" time="1.344" errors="0" timestamp="2022-12-27T22:04:46 IST" skipped="0">
  <testcase classname="database.DB" name="executeQuery" time="1.344"/>
  <system-out/>
</testsuite> <!-- database.DB -->
