<?xml version="1.0" encoding="UTF-8"?>
<!-- Generated by org.testng.reporters.JUnitReportReporter -->
<testsuite hostname="TTNDALAPLIN009" failures="0" tests="2" name="useCases.CampaignValUC" time="62.010" errors="0" timestamp="2022-12-20T22:31:50 IST" skipped="1">
  <testcase classname="useCases.CampaignValUC" name="addCampaign" time="62.010"/>
  <system-out/>
  <testcase classname="useCases.CampaignValUC" name="createmultilingualCampaign">
    <skipped/>
  </testcase> <!-- createmultilingualCampaign -->
  <system-out/>
</testsuite> <!-- useCases.CampaignValUC -->
