<?xml version="1.0" encoding="UTF-8"?>
<!-- Generated by org.testng.reporters.JUnitReportReporter -->
<testsuite hostname="TTNDALAPLIN012" failures="0" tests="1" name="useCases.CustomerSegmentUC" time="19.472" errors="0" timestamp="2022-12-29T21:09:31 IST" skipped="0">
  <testcase classname="useCases.CustomerSegmentUC" name="customerSegment" time="19.472"/>
  <system-out/>
</testsuite> <!-- useCases.CustomerSegmentUC -->
