<?xml version="1.0" encoding="UTF-8"?>
<!-- Generated by org.testng.reporters.JUnitReportReporter -->
<testsuite hostname="TTNDALAPLIN012" failures="0" tests="1" name="useCases.CampaignValUC" time="51.945" errors="0" timestamp="2023-01-08T01:41:46 IST" skipped="0">
  <testcase classname="useCases.CampaignValUC" name="addCampaign" time="51.945"/>
  <system-out/>
</testsuite> <!-- useCases.CampaignValUC -->
