<?xml version="1.0" encoding="UTF-8"?>
<!-- Generated by org.testng.reporters.JUnitReportReporter -->
<testsuite hostname="TTNDALAPLIN009" failures="0" tests="1" name="useCases.MenuShortCut" time="5.404" errors="0" timestamp="2022-06-26T16:35:26 IST" skipped="0">
  <testcase classname="useCases.MenuShortCut" name="menuShortcut" time="5.404"/>
  <system-out/>
</testsuite> <!-- useCases.MenuShortCut -->
